2026-05-25 14:21:12 - cecuamaq - INFO - Iniciando aplicación CECUAMAQ...
2026-05-25 14:21:13 - cecuamaq - INFO - Base de datos inicializada correctamente
2026-05-25 14:24:53 - cecuamaq - INFO - Iniciando aplicación CECUAMAQ...
2026-05-25 14:24:53 - cecuamaq - INFO - Base de datos inicializada correctamente
2026-05-25 14:26:11 - cecuamaq - INFO - Iniciando aplicación CECUAMAQ...
2026-05-25 14:26:11 - cecuamaq - INFO - Base de datos inicializada correctamente
2026-05-25 14:26:38 - cecuamaq - INFO - Iniciando aplicación CECUAMAQ...
2026-05-25 14:26:39 - cecuamaq - INFO - Base de datos inicializada correctamente
2026-05-25 14:28:29 - cecuamaq - INFO - Iniciando aplicación CECUAMAQ...
2026-05-25 14:28:29 - cecuamaq - INFO - Base de datos inicializada correctamente
2026-05-25 14:34:12 - cecuamaq - INFO - Iniciando aplicación CECUAMAQ...
2026-05-25 14:34:16 - cecuamaq - INFO - Base de datos inicializada correctamente
2026-05-25 14:37:28 - cecuamaq - INFO - Iniciando aplicación CECUAMAQ...
2026-05-25 14:37:34 - cecuamaq - INFO - Base de datos inicializada correctamente
2026-05-25 14:38:11 - cecuamaq - INFO - Iniciando aplicación CECUAMAQ...
2026-05-25 14:38:11 - cecuamaq - INFO - Base de datos inicializada correctamente
2026-05-25 14:42:44 - cecuamaq - INFO - Iniciando aplicación CECUAMAQ...
2026-05-25 14:42:53 - cecuamaq - INFO - Base de datos inicializada correctamente
2026-05-25 14:56:36 - cecuamaq - INFO - Iniciando aplicación CECUAMAQ...
2026-05-25 14:56:36 - cecuamaq - INFO - Base de datos inicializada correctamente
2026-05-25 14:56:44 - cecuamaq - INFO - Login exitoso: admin
2026-05-25 14:59:28 - cecuamaq - INFO - Iniciando aplicación CECUAMAQ...
2026-05-25 14:59:28 - cecuamaq - INFO - Base de datos inicializada correctamente
2026-05-25 14:59:43 - cecuamaq - INFO - Login exitoso: admin
2026-05-25 15:01:33 - cecuamaq - INFO - Iniciando aplicación CECUAMAQ...
2026-05-25 15:01:33 - cecuamaq - INFO - Base de datos inicializada correctamente
2026-05-25 15:01:51 - cecuamaq - INFO - Login exitoso: admin
2026-05-25 15:22:44 - cecuamaq - INFO - Iniciando aplicación CECUAMAQ...
2026-05-25 15:22:45 - cecuamaq - INFO - Base de datos inicializada correctamente
2026-05-25 15:23:24 - cecuamaq - INFO - Login exitoso: admin
2026-05-25 15:27:22 - cecuamaq - INFO - Iniciando aplicación CECUAMAQ...
2026-05-25 15:27:22 - cecuamaq - INFO - Base de datos inicializada correctamente
2026-05-25 15:39:30 - cecuamaq - INFO - Iniciando aplicación CECUAMAQ...
2026-05-25 15:39:31 - cecuamaq - INFO - Base de datos inicializada correctamente
2026-05-25 15:39:38 - cecuamaq - INFO - Login exitoso: admin
2026-05-25 15:39:38 - cecuamaq - INFO - Navegando a: dashboard
2026-05-25 15:39:41 - cecuamaq - INFO - Navegando a: clients
2026-05-25 15:39:46 - cecuamaq - INFO - Navegando a: plants
2026-05-25 15:39:51 - cecuamaq - INFO - Navegando a: equipment
2026-05-25 15:39:53 - cecuamaq - INFO - Navegando a: inspections
2026-05-25 15:39:55 - cecuamaq - INFO - Navegando a: reports
2026-05-25 15:39:58 - cecuamaq - INFO - Navegando a: users
2026-05-25 15:40:01 - cecuamaq - INFO - Navegando a: clients
2026-05-25 15:40:02 - cecuamaq - INFO - Navegando a: dashboard
2026-05-25 15:40:44 - cecuamaq - INFO - Navegando a: clients
2026-05-25 15:40:55 - cecuamaq - INFO - Navegando a: plants
2026-05-25 15:40:59 - cecuamaq - INFO - Navegando a: equipment
2026-05-25 15:41:10 - cecuamaq - INFO - Navegando a: inspections
2026-05-25 15:41:15 - cecuamaq - INFO - Navegando a: reports
2026-05-25 15:41:31 - cecuamaq - INFO - Navegando a: users
2026-05-25 15:41:43 - cecuamaq - INFO - Navegando a: clients
2026-05-25 15:41:44 - cecuamaq - INFO - Navegando a: plants
2026-05-25 15:41:45 - cecuamaq - INFO - Navegando a: equipment
2026-05-25 15:41:46 - cecuamaq - INFO - Navegando a: equipment
2026-05-25 15:41:47 - cecuamaq - INFO - Navegando a: inspections
2026-05-25 15:41:48 - cecuamaq - INFO - Navegando a: reports
2026-05-25 15:41:48 - cecuamaq - INFO - Navegando a: users
2026-05-25 15:41:50 - cecuamaq - INFO - Navegando a: dashboard
2026-05-25 15:41:51 - cecuamaq - INFO - Navegando a: clients
2026-05-25 15:41:52 - cecuamaq - INFO - Navegando a: dashboard
2026-05-25 15:41:53 - cecuamaq - INFO - Navegando a: clients
2026-05-25 15:41:55 - cecuamaq - INFO - Navegando a: plants
2026-05-25 15:41:57 - cecuamaq - INFO - Navegando a: clients
2026-05-25 15:41:58 - cecuamaq - INFO - Navegando a: plants
2026-05-25 15:41:59 - cecuamaq - INFO - Navegando a: equipment
2026-05-25 15:42:00 - cecuamaq - INFO - Navegando a: inspections
2026-05-25 16:08:28 - cecuamaq - INFO - Sesión cerrada
2026-05-25 16:51:33 - cecuamaq - INFO - Iniciando aplicación CECUAMAQ...
2026-05-25 16:51:34 - cecuamaq - INFO - Base de datos inicializada correctamente
2026-05-25 16:53:04 - cecuamaq - INFO - Iniciando aplicación CECUAMAQ...
2026-05-25 16:53:05 - cecuamaq - INFO - Base de datos inicializada correctamente
2026-05-25 16:53:35 - cecuamaq - INFO - Iniciando aplicación CECUAMAQ...
2026-05-25 16:53:36 - cecuamaq - INFO - Base de datos inicializada correctamente
2026-05-25 16:53:45 - cecuamaq - INFO - Login exitoso: admin
2026-05-25 16:53:45 - cecuamaq - INFO - Navegando a: dashboard
2026-05-25 16:54:01 - cecuamaq - INFO - Navegando a: clients
2026-05-25 16:54:02 - cecuamaq - INFO - Navegando a: plants
2026-05-25 16:54:03 - cecuamaq - INFO - Navegando a: equipment
2026-05-25 16:54:05 - cecuamaq - INFO - Navegando a: inspections
2026-05-25 16:54:06 - cecuamaq - INFO - Navegando a: reports
2026-05-25 16:54:07 - cecuamaq - INFO - Navegando a: users
2026-05-25 16:54:09 - cecuamaq - INFO - Navegando a: dashboard
2026-05-25 16:54:12 - cecuamaq - INFO - Navegando a: clients
2026-05-25 16:54:13 - cecuamaq - INFO - Navegando a: plants
2026-05-25 16:54:14 - cecuamaq - INFO - Navegando a: equipment
2026-05-25 16:54:15 - cecuamaq - INFO - Navegando a: inspections
2026-05-25 16:54:17 - cecuamaq - INFO - Navegando a: dashboard
2026-05-25 16:58:00 - cecuamaq - INFO - Sesión cerrada
2026-05-25 17:01:54 - cecuamaq - INFO - Iniciando aplicación CECUAMAQ...
2026-05-25 17:01:54 - cecuamaq - INFO - Base de datos inicializada correctamente
2026-05-25 17:02:38 - cecuamaq - INFO - Iniciando aplicación CECUAMAQ...
2026-05-25 17:02:38 - cecuamaq - INFO - Base de datos inicializada correctamente
2026-05-25 17:02:46 - cecuamaq - INFO - Login exitoso: admin
2026-05-25 17:02:46 - cecuamaq - INFO - Navegando a: dashboard
2026-05-25 17:02:52 - cecuamaq - INFO - Navegando a: clients
2026-05-25 17:02:53 - cecuamaq - INFO - Navegando a: plants
2026-05-25 17:02:54 - cecuamaq - INFO - Navegando a: equipment
2026-05-25 17:02:55 - cecuamaq - INFO - Navegando a: inspections
2026-05-25 17:02:56 - cecuamaq - INFO - Navegando a: reports
2026-05-25 17:02:57 - cecuamaq - INFO - Navegando a: users
2026-05-25 17:02:58 - cecuamaq - INFO - Navegando a: dashboard
2026-05-25 17:03:02 - cecuamaq - INFO - Navegando a: clients
2026-05-25 17:03:02 - cecuamaq - INFO - Navegando a: dashboard
2026-05-25 17:03:04 - cecuamaq - INFO - Sesión cerrada
2026-05-25 17:03:06 - cecuamaq - INFO - Sesión cerrada
2026-05-25 17:15:55 - cecuamaq - INFO - Iniciando aplicación CECUAMAQ...
2026-05-25 17:15:55 - cecuamaq - INFO - Base de datos inicializada correctamente
2026-05-25 17:16:03 - cecuamaq - INFO - Login exitoso: admin
2026-05-25 17:16:03 - cecuamaq - INFO - Navegando a: dashboard
2026-05-25 17:16:11 - cecuamaq - INFO - Sesión cerrada
2026-05-25 17:16:49 - cecuamaq - INFO - Iniciando aplicación CECUAMAQ...
2026-05-25 17:16:49 - cecuamaq - INFO - Base de datos inicializada correctamente
2026-05-25 17:16:56 - cecuamaq - INFO - Login exitoso: admin
2026-05-25 17:16:56 - cecuamaq - INFO - Navegando a: dashboard
2026-05-25 17:17:00 - cecuamaq - INFO - Navegando a: clients
2026-05-25 17:17:03 - cecuamaq - INFO - Navegando a: plants
2026-05-25 17:17:04 - cecuamaq - INFO - Navegando a: equipment
2026-05-25 17:17:05 - cecuamaq - INFO - Navegando a: inspections
2026-05-25 17:17:06 - cecuamaq - INFO - Navegando a: reports
2026-05-25 17:17:10 - cecuamaq - INFO - Navegando a: users
2026-05-25 17:17:12 - cecuamaq - INFO - Navegando a: dashboard
2026-05-25 17:17:14 - cecuamaq - INFO - Navegando a: clients
2026-05-25 17:17:15 - cecuamaq - INFO - Navegando a: plants
2026-05-25 17:17:16 - cecuamaq - INFO - Navegando a: equipment
2026-05-25 17:17:17 - cecuamaq - INFO - Navegando a: equipment
2026-05-25 17:17:18 - cecuamaq - INFO - Navegando a: inspections
2026-05-25 17:17:19 - cecuamaq - INFO - Navegando a: reports
2026-05-25 17:17:20 - cecuamaq - INFO - Navegando a: reports
2026-05-25 17:17:21 - cecuamaq - INFO - Navegando a: users
2026-05-25 17:17:22 - cecuamaq - INFO - Navegando a: dashboard
2026-05-25 17:17:32 - cecuamaq - INFO - Navegando a: plants
2026-05-25 17:17:41 - cecuamaq - INFO - Navegando a: dashboard
2026-05-25 17:17:42 - cecuamaq - INFO - Navegando a: users
2026-05-25 17:17:58 - cecuamaq - INFO - Navegando a: dashboard
2026-05-25 17:18:00 - cecuamaq - INFO - Navegando a: users
2026-05-25 17:18:01 - cecuamaq - INFO - Navegando a: reports
2026-05-25 17:18:01 - cecuamaq - INFO - Navegando a: inspections
2026-05-25 17:18:02 - cecuamaq - INFO - Navegando a: equipment
2026-05-25 17:18:03 - cecuamaq - INFO - Navegando a: plants
2026-05-25 17:18:04 - cecuamaq - INFO - Navegando a: clients
2026-05-25 17:18:04 - cecuamaq - INFO - Navegando a: dashboard
2026-05-25 17:18:09 - cecuamaq - INFO - Sesión cerrada
2026-05-25 17:19:04 - cecuamaq - INFO - Iniciando aplicación CECUAMAQ...
2026-05-25 17:19:05 - cecuamaq - INFO - Base de datos inicializada correctamente
2026-05-25 17:19:11 - cecuamaq - INFO - Login exitoso: admin
2026-05-25 17:19:11 - cecuamaq - INFO - Navegando a: dashboard
2026-05-25 17:19:14 - cecuamaq - INFO - Sesión cerrada
2026-05-25 17:21:29 - cecuamaq - INFO - Iniciando aplicación CECUAMAQ...
2026-05-25 17:21:30 - cecuamaq - INFO - Base de datos inicializada correctamente
2026-05-25 17:21:37 - cecuamaq - INFO - Login exitoso: admin
2026-05-25 17:21:37 - cecuamaq - INFO - Navegando a: dashboard
2026-05-25 17:21:47 - cecuamaq - INFO - Sesión cerrada
2026-05-25 17:22:09 - cecuamaq - INFO - Iniciando aplicación CECUAMAQ...
2026-05-25 17:22:09 - cecuamaq - INFO - Base de datos inicializada correctamente
2026-05-25 17:22:16 - cecuamaq - INFO - Login exitoso: admin
2026-05-25 17:22:16 - cecuamaq - INFO - Navegando a: dashboard
2026-05-25 17:22:21 - cecuamaq - INFO - Sesión cerrada
2026-05-25 17:26:27 - cecuamaq - INFO - Iniciando aplicación CECUAMAQ...
2026-05-25 17:26:27 - cecuamaq - INFO - Base de datos inicializada correctamente
2026-05-25 17:26:34 - cecuamaq - INFO - Login exitoso: admin
2026-05-25 17:26:34 - cecuamaq - INFO - Navegando a: dashboard
2026-05-25 17:26:40 - cecuamaq - INFO - Sesión cerrada
2026-05-25 17:28:34 - cecuamaq - INFO - Iniciando aplicación CECUAMAQ...
2026-05-25 17:28:34 - cecuamaq - INFO - Base de datos inicializada correctamente
2026-05-25 17:28:42 - cecuamaq - INFO - Login exitoso: admin
2026-05-25 17:28:42 - cecuamaq - INFO - Navegando a: dashboard
2026-05-25 17:29:04 - cecuamaq - INFO - Navegando a: clients
2026-05-25 17:29:05 - cecuamaq - INFO - Navegando a: plants
2026-05-25 17:29:07 - cecuamaq - INFO - Navegando a: equipment
2026-05-25 17:29:09 - cecuamaq - INFO - Navegando a: inspections
2026-05-25 17:29:10 - cecuamaq - INFO - Navegando a: reports
2026-05-25 17:29:11 - cecuamaq - INFO - Navegando a: users
2026-05-25 17:29:12 - cecuamaq - INFO - Navegando a: dashboard
2026-05-25 17:31:29 - cecuamaq - INFO - Iniciando aplicación CECUAMAQ...
2026-05-25 17:31:29 - cecuamaq - INFO - Base de datos inicializada correctamente
2026-05-25 17:31:54 - cecuamaq - INFO - Login exitoso: admin
2026-05-25 17:31:54 - cecuamaq - INFO - Navegando a: dashboard
2026-05-25 17:31:59 - cecuamaq - INFO - Sesión cerrada
2026-05-25 17:46:08 - cecuamaq - INFO - Iniciando aplicación CECUAMAQ...
2026-05-25 17:46:09 - cecuamaq - INFO - Base de datos inicializada correctamente
2026-05-25 17:46:16 - cecuamaq - INFO - Login exitoso: admin
2026-05-25 17:46:16 - cecuamaq - INFO - Navegando a: dashboard
2026-05-25 17:46:22 - cecuamaq - INFO - Sesión cerrada
2026-05-25 17:47:31 - cecuamaq - INFO - Iniciando aplicación CECUAMAQ...
2026-05-25 17:47:32 - cecuamaq - INFO - Base de datos inicializada correctamente
2026-05-25 17:47:40 - cecuamaq - INFO - Login exitoso: admin
2026-05-25 17:47:40 - cecuamaq - INFO - Navegando a: dashboard
2026-05-25 17:47:50 - cecuamaq - INFO - Navegando a: clients
2026-05-25 17:47:51 - cecuamaq - INFO - Navegando a: plants
2026-05-25 17:47:52 - cecuamaq - INFO - Navegando a: equipment
2026-05-25 17:47:53 - cecuamaq - INFO - Navegando a: inspections
2026-05-25 17:47:54 - cecuamaq - INFO - Navegando a: reports
2026-05-25 17:47:56 - cecuamaq - INFO - Navegando a: inspections
2026-05-25 17:47:58 - cecuamaq - INFO - Navegando a: equipment
2026-05-25 17:48:01 - cecuamaq - INFO - Sesión cerrada
2026-05-25 17:51:49 - cecuamaq - INFO - Iniciando aplicación CECUAMAQ...
2026-05-25 17:51:49 - cecuamaq - INFO - Base de datos inicializada correctamente
2026-05-25 17:51:57 - cecuamaq - INFO - Login exitoso: admin
2026-05-25 17:51:57 - cecuamaq - INFO - Navegando a: dashboard
2026-05-25 17:52:01 - cecuamaq - INFO - Sesión cerrada
2026-05-25 17:52:04 - cecuamaq - INFO - Sesión cerrada
2026-05-25 17:56:50 - cecuamaq - INFO - Iniciando aplicación CECUAMAQ...
2026-05-25 17:56:51 - cecuamaq - INFO - Base de datos inicializada correctamente
